\BOOKMARK [0][-]{chapter.1}{\376\377\000O\000v\000e\000r\000v\000i\000e\000w}{}% 1
\BOOKMARK [1][-]{section.1.1}{\376\377\000w\000l\000c\000f\000:\000\040\000W\000e\000a\000k\000\040\000L\000e\000n\000s\000i\000n\000g\000\040\000C\000o\000r\000r\000e\000l\000a\000t\000i\000o\000n\000\040\000F\000u\000n\000c\000t\000i\000o\000n}{chapter.1}% 2
\BOOKMARK [1][-]{section.1.2}{\376\377\000I\000n\000t\000r\000o\000d\000u\000c\000t\000i\000o\000n}{chapter.1}% 3
\BOOKMARK [1][-]{section.1.3}{\376\377\000C\000o\000m\000p\000i\000l\000i\000n\000g\000\040\000a\000n\000d\000\040\000g\000e\000t\000t\000i\000n\000g\000\040\000s\000t\000a\000r\000t\000e\000d}{chapter.1}% 4
\BOOKMARK [1][-]{section.1.4}{\376\377\000L\000i\000c\000e\000n\000s\000e}{chapter.1}% 5
\BOOKMARK [1][-]{section.1.5}{\376\377\000A\000c\000k\000n\000o\000w\000l\000e\000d\000g\000e\000m\000e\000n\000t\000s}{chapter.1}% 6
\BOOKMARK [0][-]{chapter.2}{\376\377\000W\000L\000C\000F\000\040\000I\000n\000s\000t\000a\000l\000l\000a\000t\000i\000o\000n}{}% 7
\BOOKMARK [1][-]{section.2.1}{\376\377\000R\000e\000q\000u\000i\000r\000e\000m\000e\000n\000t\000s}{chapter.2}% 8
\BOOKMARK [1][-]{section.2.2}{\376\377\000C\000o\000m\000p\000i\000l\000a\000t\000i\000o\000n}{chapter.2}% 9
\BOOKMARK [0][-]{chapter.3}{\376\377\000P\000a\000r\000a\000m\000e\000t\000e\000r\000s}{}% 10
\BOOKMARK [1][-]{section.3.1}{\376\377\000P\000a\000r\000a\000m\000e\000t\000e\000r\000s\000\040\000r\000e\000l\000a\000t\000e\000d\000\040\000t\000o\000\040\000t\000h\000e\000\040\000c\000o\000s\000m\000o\000l\000o\000g\000i\000c\000a\000l\000\040\000m\000o\000d\000e\000l}{chapter.3}% 11
\BOOKMARK [1][-]{section.3.2}{\376\377\000P\000a\000r\000a\000m\000e\000t\000e\000r\000s\000\040\000t\000o\000\040\000c\000o\000n\000t\000r\000o\000l\000\040\000t\000h\000e\000\040\000i\000n\000p\000u\000t\000\040\000p\000o\000w\000e\000r\000\040\000s\000p\000e\000c\000t\000r\000u\000m}{chapter.3}% 12
\BOOKMARK [1][-]{section.3.3}{\376\377\000P\000a\000r\000a\000m\000e\000t\000e\000r\000s\000\040\000r\000e\000l\000a\000t\000e\000d\000\040\000t\000o\000\040\000t\000h\000e\000\040\000w\000e\000a\000k\000\040\000l\000e\000n\000s\000i\000n\000g\000\040\000k\000e\000r\000n\000e\000l}{chapter.3}% 13
\BOOKMARK [1][-]{section.3.4}{\376\377\000P\000a\000r\000a\000m\000e\000t\000e\000r\000s\000\040\000c\000o\000n\000t\000r\000o\000l\000l\000i\000n\000g\000\040\000t\000h\000e\000\040\000m\000o\000d\000e\000l\000\040\000a\000n\000d\000\040\000n\000u\000m\000e\000r\000i\000c\000a\000l\000\040\000s\000e\000t\000u\000p}{chapter.3}% 14
\BOOKMARK [1][-]{section.3.5}{\376\377\000P\000a\000r\000a\000m\000e\000t\000e\000r\000s\000\040\000t\000o\000\040\000c\000o\000n\000t\000r\000o\000l\000\040\000o\000u\000t\000p\000u\000t\000\040\000f\000i\000l\000e\000s}{chapter.3}% 15
\BOOKMARK [1][-]{section.3.6}{\376\377\000M\000i\000s\000c\000e\000l\000l\000a\000n\000e\000o\000u\000s\000\040\000p\000a\000r\000a\000m\000e\000t\000e\000r\000s}{chapter.3}% 16
\BOOKMARK [0][-]{chapter.4}{\376\377\000L\000i\000n\000e\000a\000r\000\040\000p\000o\000w\000e\000r\000\040\000s\000p\000e\000c\000t\000r\000u\000m\000\040\000f\000i\000l\000e\000s}{}% 17
\BOOKMARK [0][-]{chapter.5}{\376\377\000P\000r\000e\000/\000P\000o\000s\000t\000\040\000p\000r\000o\000c\000e\000s\000s\000i\000n\000g}{}% 18
\BOOKMARK [1][-]{section.5.1}{\376\377\000P\000r\000e\000-\000p\000r\000o\000c\000e\000s\000s\000i\000n\000g}{chapter.5}% 19
\BOOKMARK [1][-]{section.5.2}{\376\377\000P\000o\000s\000t\000-\000p\000r\000o\000c\000e\000s\000s\000i\000n\000g}{chapter.5}% 20
\BOOKMARK [0][-]{chapter.6}{\376\377\000A\000d\000d\000O\000n\040\031\000s}{}% 21
\BOOKMARK [0][-]{chapter.7}{\376\377\000P\000y\000t\000h\000o\000n\000\040\000i\000n\000t\000e\000r\000f\000a\000c\000e}{}% 22
\BOOKMARK [0][-]{chapter.8}{\376\377\000H\000a\000n\000d\000s\000\040\000o\000n}{}% 23
\BOOKMARK [1][-]{section.8.1}{\376\377\000S\000e\000t\000t\000i\000n\000g\000\040\000u\000p\000\040\000t\000h\000e\000\040\000w\000o\000r\000k\000i\000n\000g\000\040\000d\000i\000r\000e\000c\000t\000o\000r\000y}{chapter.8}% 24
\BOOKMARK [1][-]{section.8.2}{\376\377\000G\000e\000n\000e\000r\000a\000t\000i\000n\000g\000\040\000t\000h\000e\000\040\000l\000i\000n\000e\000a\000r\000\040\000p\000o\000w\000e\000r\000\040\000s\000p\000e\000c\000t\000r\000u\000m}{chapter.8}% 25
\BOOKMARK [1][-]{section.8.3}{\376\377\000R\000u\000n\000n\000i\000n\000g\000\040\000w\000l\000c\000f\000\040\000f\000r\000o\000m\000\040\000P\000y\000t\000h\000o\000n}{chapter.8}% 26
\BOOKMARK [1][-]{section.8.4}{\376\377\000P\000l\000o\000t\000t\000i\000n\000g\000\040\000t\000h\000e\000\040\0003\000P\000C\000F\000\040\000m\000u\000l\000t\000i\000p\000o\000l\000e\000s}{chapter.8}% 27
\BOOKMARK [1][-]{section.8.5}{\376\377\000C\000o\000m\000p\000a\000r\000i\000n\000g\000\040\000d\000i\000f\000f\000e\000r\000e\000n\000t\000\040\000m\000o\000d\000e\000l\000s}{chapter.8}% 28
\BOOKMARK [0][-]{chapter.9}{\376\377\0003\000-\000p\000o\000i\000n\000t\000\040\000c\000o\000r\000r\000e\000l\000a\000t\000i\000o\000n\000\040\000f\000u\000n\000c\000t\000i\000o\000n\000s}{}% 29
\BOOKMARK [0][-]{chapter.10}{\376\377\000I\000n\000d\000i\000c\000e\000s\000\040\000a\000n\000d\000\040\000t\000a\000b\000l\000e\000s}{}% 30
